<?xml version="1.0" encoding="UTF-8"?>
<coverage generated="1615676556404" clover="3.2.0">
  <project timestamp="1615676556404" name="All files">
    <metrics statements="37" coveredstatements="19" conditionals="0" coveredconditionals="0" methods="10" coveredmethods="3" elements="47" coveredelements="22" complexity="0" loc="37" ncloc="37" packages="2" files="6" classes="6"/>
    <package name="src">
      <metrics statements="20" coveredstatements="9" conditionals="0" coveredconditionals="0" methods="4" coveredmethods="3"/>
      <file name="app.controller.ts" path="/Users/svenkang/dev/toys/iluvcoffee/src/app.controller.ts">
        <metrics statements="6" coveredstatements="6" conditionals="0" coveredconditionals="0" methods="2" coveredmethods="2"/>
        <line num="1" count="1" type="stmt"/>
        <line num="2" count="1" type="stmt"/>
        <line num="5" count="1" type="stmt"/>
        <line num="6" count="1" type="stmt"/>
        <line num="9" count="1" type="stmt"/>
        <line num="10" count="1" type="stmt"/>
      </file>
      <file name="app.module.ts" path="/Users/svenkang/dev/toys/iluvcoffee/src/app.module.ts">
        <metrics statements="6" coveredstatements="0" conditionals="0" coveredconditionals="0" methods="0" coveredmethods="0"/>
        <line num="1" count="0" type="stmt"/>
        <line num="2" count="0" type="stmt"/>
        <line num="3" count="0" type="stmt"/>
        <line num="4" count="0" type="stmt"/>
        <line num="5" count="0" type="stmt"/>
        <line num="12" count="0" type="stmt"/>
      </file>
      <file name="app.service.ts" path="/Users/svenkang/dev/toys/iluvcoffee/src/app.service.ts">
        <metrics statements="3" coveredstatements="3" conditionals="0" coveredconditionals="0" methods="1" coveredmethods="1"/>
        <line num="1" count="1" type="stmt"/>
        <line num="4" count="1" type="stmt"/>
        <line num="6" count="1" type="stmt"/>
      </file>
      <file name="main.ts" path="/Users/svenkang/dev/toys/iluvcoffee/src/main.ts">
        <metrics statements="5" coveredstatements="0" conditionals="0" coveredconditionals="0" methods="1" coveredmethods="0"/>
        <line num="1" count="0" type="stmt"/>
        <line num="2" count="0" type="stmt"/>
        <line num="5" count="0" type="stmt"/>
        <line num="6" count="0" type="stmt"/>
        <line num="8" count="0" type="stmt"/>
      </file>
    </package>
    <package name="src.coffees">
      <metrics statements="17" coveredstatements="10" conditionals="0" coveredconditionals="0" methods="6" coveredmethods="0"/>
      <file name="coffees.controller.ts" path="/Users/svenkang/dev/toys/iluvcoffee/src/coffees/coffees.controller.ts">
        <metrics statements="15" coveredstatements="8" conditionals="0" coveredconditionals="0" methods="6" coveredmethods="0"/>
        <line num="1" count="1" type="stmt"/>
        <line num="13" count="1" type="stmt"/>
        <line num="15" count="1" type="stmt"/>
        <line num="16" count="0" type="stmt"/>
        <line num="17" count="0" type="stmt"/>
        <line num="21" count="1" type="stmt"/>
        <line num="22" count="0" type="stmt"/>
        <line num="26" count="1" type="stmt"/>
        <line num="27" count="0" type="stmt"/>
        <line num="31" count="1" type="stmt"/>
        <line num="32" count="0" type="stmt"/>
        <line num="36" count="1" type="stmt"/>
        <line num="37" count="0" type="stmt"/>
        <line num="41" count="1" type="stmt"/>
        <line num="42" count="0" type="stmt"/>
      </file>
      <file name="coffees.service.ts" path="/Users/svenkang/dev/toys/iluvcoffee/src/coffees/coffees.service.ts">
        <metrics statements="2" coveredstatements="2" conditionals="0" coveredconditionals="0" methods="0" coveredmethods="0"/>
        <line num="1" count="1" type="stmt"/>
        <line num="4" count="1" type="stmt"/>
      </file>
    </package>
  </project>
</coverage>
